g:\uni\year 3\procedural methods\tertut01\engine\engine\debug\vc141.pdb
g:\uni\year 3\procedural methods\tertut01\engine\engine\debug\vc141.idb
g:\uni\year 3\procedural methods\tertut01\engine\engine\debug\timerclass.obj
g:\uni\year 3\procedural methods\tertut01\engine\engine\debug\textureclass.obj
g:\uni\year 3\procedural methods\tertut01\engine\engine\debug\textclass.obj
g:\uni\year 3\procedural methods\tertut01\engine\engine\debug\terrainshaderclass.obj
g:\uni\year 3\procedural methods\tertut01\engine\engine\debug\terrainclass.obj
g:\uni\year 3\procedural methods\tertut01\engine\engine\debug\systemclass.obj
g:\uni\year 3\procedural methods\tertut01\engine\engine\debug\positionclass.obj
g:\uni\year 3\procedural methods\tertut01\engine\engine\debug\main.obj
g:\uni\year 3\procedural methods\tertut01\engine\engine\debug\lightclass.obj
g:\uni\year 3\procedural methods\tertut01\engine\engine\debug\inputclass.obj
g:\uni\year 3\procedural methods\tertut01\engine\engine\debug\fpsclass.obj
g:\uni\year 3\procedural methods\tertut01\engine\engine\debug\fontshaderclass.obj
g:\uni\year 3\procedural methods\tertut01\engine\engine\debug\fontclass.obj
g:\uni\year 3\procedural methods\tertut01\engine\engine\debug\d3dclass.obj
g:\uni\year 3\procedural methods\tertut01\engine\engine\debug\cpuclass.obj
g:\uni\year 3\procedural methods\tertut01\engine\engine\debug\cameraclass.obj
g:\uni\year 3\procedural methods\tertut01\engine\engine\debug\applicationclass.obj
g:\uni\year 3\procedural methods\week 3\engine\engine\debug\vc141.pdb
g:\uni\year 3\procedural methods\week 3\engine\engine\debug\vc141.idb
g:\uni\year 3\procedural methods\week 3\engine\engine\debug\timerclass.obj
g:\uni\year 3\procedural methods\week 3\engine\engine\debug\textureclass.obj
g:\uni\year 3\procedural methods\week 3\engine\engine\debug\textclass.obj
g:\uni\year 3\procedural methods\week 3\engine\engine\debug\terrainshaderclass.obj
g:\uni\year 3\procedural methods\week 3\engine\engine\debug\terrainclass.obj
g:\uni\year 3\procedural methods\week 3\engine\engine\debug\systemclass.obj
g:\uni\year 3\procedural methods\week 3\engine\engine\debug\positionclass.obj
g:\uni\year 3\procedural methods\week 3\engine\engine\debug\main.obj
g:\uni\year 3\procedural methods\week 3\engine\engine\debug\lightclass.obj
g:\uni\year 3\procedural methods\week 3\engine\engine\debug\inputclass.obj
g:\uni\year 3\procedural methods\week 3\engine\engine\debug\fpsclass.obj
g:\uni\year 3\procedural methods\week 3\engine\engine\debug\fontshaderclass.obj
g:\uni\year 3\procedural methods\week 3\engine\engine\debug\fontclass.obj
g:\uni\year 3\procedural methods\week 3\engine\engine\debug\d3dclass.obj
g:\uni\year 3\procedural methods\week 3\engine\engine\debug\cpuclass.obj
g:\uni\year 3\procedural methods\week 3\engine\engine\debug\cameraclass.obj
g:\uni\year 3\procedural methods\week 3\engine\engine\debug\applicationclass.obj
g:\uni\year 3\procedural methods\tertut01\engine\debug\engine.ilk
g:\uni\year 3\procedural methods\tertut01\engine\debug\engine.exe
g:\uni\year 3\procedural methods\tertut01\engine\debug\engine.pdb
g:\uni\year 3\procedural methods\week 3\engine\debug\engine.exe
g:\uni\year 3\procedural methods\week 3\engine\debug\engine.ilk
g:\uni\year 3\procedural methods\week 3\engine\debug\engine.pdb
g:\uni\year 3\procedural methods\week 3\engine\engine\debug\terrainclass.obj.enc
g:\uni\year 3\procedural methods\week 3\engine\engine\debug\vc120.idb
g:\uni\year 3\procedural methods\week 3\engine\engine\debug\vc140.idb
g:\uni\year 3\procedural methods\week 3\engine\engine\debug\vc120.pdb
g:\uni\year 3\procedural methods\week 3\engine\engine\debug\vc140.pdb
g:\uni\year 3\procedural methods\week 3\engine\engine\debug\engine.tlog\cl.command.1.tlog
g:\uni\year 3\procedural methods\week 3\engine\engine\debug\engine.tlog\link.command.1.tlog
g:\uni\year 3\procedural methods\week 3\engine\engine\debug\engine.tlog\link.delete.1.tlog
g:\uni\year 3\procedural methods\week 3\engine\engine\debug\engine.tlog\cl.read.1.tlog
g:\uni\year 3\procedural methods\week 3\engine\engine\debug\engine.tlog\link.read.1.tlog
g:\uni\year 3\procedural methods\week 3\engine\engine\debug\engine.tlog\cl.write.1.tlog
g:\uni\year 3\procedural methods\week 3\engine\engine\debug\engine.tlog\link.write.1.tlog
